/cae/apps/data/synopsys-2019/syn/P-2019.03/auxx/gui/dv/dv_setup.tcl
/cae/apps/data/synopsys-2019/syn/P-2019.03/auxx/gui/syn/snpsSynProcs.tcl
/cae/apps/data/synopsys-2019/syn/P-2019.03/auxx/gui/syn/layout/pkgIndex.tcl
/cae/apps/data/synopsys-2019/syn/P-2019.03/auxx/gui/common/histogram/pkgIndex.tcl
/cae/apps/data/synopsys-2019/syn/P-2019.03/auxx/gui/common/docBrowser/pkgIndex.tcl
/cae/apps/data/synopsys-2019/syn/P-2019.03/auxx/gui/common/WindowFrameWork/pkgIndex.tcl
/cae/apps/data/synopsys-2019/syn/P-2019.03/auxx/gui/common/setup/pkgIndex.tcl
/cae/apps/data/synopsys-2019/syn/P-2019.03/auxx/gui/common/hierarchy/pkgIndex.tcl
/cae/apps/data/synopsys-2019/syn/P-2019.03/auxx/gui/common/regressionToolkit/pkgIndex.tcl
/cae/apps/data/synopsys-2019/syn/P-2019.03/auxx/gui/common/palettegroup/pkgIndex.tcl
/cae/apps/data/synopsys-2019/syn/P-2019.03/auxx/gui/common/mrupalette/pkgIndex.tcl
/cae/apps/data/synopsys-2019/syn/P-2019.03/auxx/gui/common/table/pkgIndex.tcl
/cae/apps/data/synopsys-2019/syn/P-2019.03/auxx/gui/common/timing/pkgIndex.tcl
/cae/apps/data/synopsys-2019/syn/P-2019.03/auxx/gui/common/libviewer/pkgIndex.tcl
/cae/apps/data/synopsys-2019/syn/P-2019.03/auxx/gui/common/pathinspector/pkgIndex.tcl
/cae/apps/data/synopsys-2019/syn/P-2019.03/auxx/gui/common/misc/pkgIndex.tcl
/cae/apps/data/synopsys-2019/syn/P-2019.03/auxx/gui/common/view/pkgIndex.tcl
/cae/apps/data/synopsys-2019/syn/P-2019.03/auxx/gui/common/tq/pkgIndex.tcl
/cae/apps/data/synopsys-2019/syn/P-2019.03/auxx/gui/common/schematic/pkgIndex.tcl
/cae/apps/data/synopsys-2019/syn/P-2019.03/auxx/gui/common/commandform/pkgIndex.tcl
/cae/apps/data/synopsys-2019/syn/P-2019.03/auxx/gui/common/layout/pkgIndex.tcl
/cae/apps/data/synopsys-2019/syn/P-2019.03/auxx/gui/common/qtcl/pkgIndex.tcl
/cae/apps/data/synopsys-2019/syn/P-2019.03/auxx/gui/common/profiler/pkgIndex.tcl
/cae/apps/data/synopsys-2019/syn/P-2019.03/auxx/gui/common/select/pkgIndex.tcl
/cae/apps/data/synopsys-2019/syn/P-2019.03/auxx/gui/common/highlight/pkgIndex.tcl
/cae/apps/data/synopsys-2019/syn/P-2019.03/auxx/gui/common/fanoutviewer/pkgIndex.tcl
/cae/apps/data/synopsys-2019/syn/P-2019.03/auxx/gui/common/tcl-dp/pkgIndex.tcl
/cae/apps/data/synopsys-2019/syn/P-2019.03/auxx/gui/common/opdlg/pkgIndex.tcl
/cae/apps/data/synopsys-2019/syn/P-2019.03/auxx/gui/common/acg/pkgIndex.tcl
/cae/apps/data/synopsys-2019/syn/P-2019.03/auxx/gui/common/dialogs/pkgIndex.tcl
/cae/apps/data/synopsys-2019/syn/P-2019.03/auxx/gui/common/tiledview/pkgIndex.tcl
/cae/apps/data/synopsys-2019/syn/P-2019.03/auxx/gui/common/strokes/pkgIndex.tcl
/cae/apps/data/synopsys-2019/syn/P-2019.03/auxx/gui/common/menus/pkgIndex.tcl
/cae/apps/data/synopsys-2019/syn/P-2019.03/auxx/gui/dv/pkgIndex.tcl
/cae/apps/data/synopsys-2019/syn/P-2019.03/auxx/syn/lib/pkgIndex.tcl
/cae/apps/data/synopsys-2019/syn/P-2019.03/auxx/tcllib/lib/iwidgets4.1/pkgIndex.tcl
/cae/apps/data/synopsys-2019/syn/P-2019.03/auxx/tcllib/snps_tcl/snpsTest/pkgIndex.tcl
/cae/apps/data/synopsys-2019/syn/P-2019.03/auxx/tcllib/snps_tcl/snpsTclPro/pkgIndex.tcl
/cae/apps/data/synopsys-2019/syn/P-2019.03/auxx/tcllib/snps_tcl/snpsUtils/pkgIndex.tcl
/cae/apps/data/synopsys-2019/syn/P-2019.03/auxx/tcllib/snps_tcl/pkgIndex.tcl
/cae/apps/data/synopsys-2019/syn/P-2019.03/auxx/tcllib/lib/tcl8.6/msgcat/pkgIndex.tcl
/cae/apps/data/synopsys-2019/syn/P-2019.03/auxx/tcllib/lib/tcl8.6/reg/pkgIndex.tcl
/cae/apps/data/synopsys-2019/syn/P-2019.03/auxx/tcllib/lib/tcl8.6/http1.0/pkgIndex.tcl
/cae/apps/data/synopsys-2019/syn/P-2019.03/auxx/tcllib/lib/tcl8.6/dde/pkgIndex.tcl
/cae/apps/data/synopsys-2019/syn/P-2019.03/auxx/tcllib/lib/tcl8.6/tcltest/pkgIndex.tcl
/cae/apps/data/synopsys-2019/syn/P-2019.03/auxx/tcllib/lib/tcl8.6/http/pkgIndex.tcl
/cae/apps/data/synopsys-2019/syn/P-2019.03/auxx/tcllib/lib/tcl8.6/opt/pkgIndex.tcl
/cae/apps/data/synopsys-2019/syn/P-2019.03/auxx/tcllib/lib/tcl8.6/platform/pkgIndex.tcl
/cae/apps/data/synopsys-2019/syn/P-2019.03/auxx/gui/common/setup/snpsCommonSetup.tcl
/cae/apps/data/synopsys-2019/syn/P-2019.03/auxx/gui/common/setup/snpsCustomize.tcl
/cae/apps/data/synopsys-2019/syn/P-2019.03/auxx/gui/common/setup/snpsProcheck.tcl
/cae/apps/data/synopsys-2019/syn/P-2019.03/auxx/gui/common/qtcl/.synopsys_qtcl.tcl
/cae/apps/data/synopsys-2019/syn/P-2019.03/auxx/gui/common/highlight/highlight.tcl
/cae/apps/data/synopsys-2019/syn/P-2019.03/auxx/gui/common/misc/base.tcl
/cae/apps/data/synopsys-2019/syn/P-2019.03/auxx/gui/common/misc/timing.tcl
/cae/apps/data/synopsys-2019/syn/P-2019.03/auxx/gui/common/misc/setting.tcl
/cae/apps/data/synopsys-2019/syn/P-2019.03/auxx/gui/common/misc/preset.tcl
/cae/apps/data/synopsys-2019/syn/P-2019.03/auxx/gui/common/WindowFrameWork/windowFrameWork.tcl
/cae/apps/data/synopsys-2019/syn/P-2019.03/auxx/gui/common/WindowFrameWork/skipBusyCursorCmdList.tcl
/cae/apps/data/synopsys-2019/syn/P-2019.03/auxx/gui/common/docBrowser/docBrowser.tcl
/cae/apps/data/synopsys-2019/syn/P-2019.03/auxx/tcllib/snps_tcl/snpsUtils/snpsUtils.tcl
/cae/apps/data/synopsys-2019/syn/P-2019.03/auxx/gui/common/dialogs/ObjectChooser.tcl
/cae/apps/data/synopsys-2019/syn/P-2019.03/auxx/gui/common/misc/DialogObjectChooser.tcl
/cae/apps/data/synopsys-2019/syn/P-2019.03/auxx/gui/common/dialogs/HistBinInformation.tcl
/cae/apps/data/synopsys-2019/syn/P-2019.03/auxx/gui/common/dialogs/HistBin1Information.tcl
/cae/apps/data/synopsys-2019/syn/P-2019.03/auxx/gui/common/dialogs/BinsOnlyInformation.tcl
/cae/apps/data/synopsys-2019/syn/P-2019.03/auxx/gui/common/dialogs/FileChooser.tcl
/cae/apps/data/synopsys-2019/syn/P-2019.03/auxx/gui/common/dialogs/PathPinSimpleInfo.tcl
/cae/apps/data/synopsys-2019/syn/P-2019.03/auxx/gui/common/dialogs/PathsBasicInfo.tcl
/cae/apps/data/synopsys-2019/syn/P-2019.03/auxx/gui/common/dialogs/PathsBasicSimpleInfo.tcl
/cae/apps/data/synopsys-2019/syn/P-2019.03/auxx/gui/common/dialogs/SlctOperationInfo.tcl
/cae/apps/data/synopsys-2019/syn/P-2019.03/auxx/gui/common/dialogs/ObjectListInfo.tcl
/cae/apps/data/synopsys-2019/syn/P-2019.03/auxx/gui/common/dialogs/FanInOutInfo.tcl
/cae/apps/data/synopsys-2019/syn/P-2019.03/auxx/gui/common/dialogs/NumberOfLevelsChooser.tcl
/cae/apps/data/synopsys-2019/syn/P-2019.03/auxx/gui/common/dialogs/WindowReuseInfo.tcl
/cae/apps/data/synopsys-2019/syn/P-2019.03/auxx/gui/common/dialogs/ReportOutputOptionInfo.tcl
/cae/apps/data/synopsys-2019/syn/P-2019.03/auxx/gui/common/setup/snpsCollections.tcl
/cae/apps/data/synopsys-2019/syn/P-2019.03/auxx/gui/common/dialogs/CompileLinkDesign.tcl
/cae/apps/data/synopsys-2019/syn/P-2019.03/auxx/gui/common/histogram/DialogEndpointSlack.tcl
/cae/apps/data/synopsys-2019/syn/P-2019.03/auxx/gui/common/histogram/DialogPathsSlack.tcl
/cae/apps/data/synopsys-2019/syn/P-2019.03/auxx/gui/common/histogram/DialogNetCapacitance.tcl
/cae/apps/data/synopsys-2019/syn/P-2019.03/auxx/gui/common/schematic/DialogPathSchematicFanInOut.tcl
/cae/apps/data/synopsys-2019/syn/P-2019.03/auxx/gui/common/schematic/DialogPathSchematicAddPaths.tcl
/filespace/j/jsporter3/ECE551/FinalProject/src/eBike.dc
/cae/apps/data/saed32_edk-2018/lib/stdcell_rvt/db_ccs/saed32rvt_tt0p85v25c.db
/cae/apps/data/saed32_edk-2018/lib/io_std/db_ccs/saed32io_wb_tt1p05v25c_2p5v.db
/cae/apps/data/synopsys-2019/syn/P-2019.03/libraries/syn/gtech.db
/cae/apps/data/synopsys-2019/syn/P-2019.03/libraries/syn/standard.sldb
/filespace/j/jsporter3/synopsys_cache_P-2019.03/DW01/DW01_inc/rpl/2/saed32rvt_tt0p85v25c_2345/element.ddc
/filespace/j/jsporter3/synopsys_cache_P-2019.03/DW01/DW01_inc/rpl/4/saed32rvt_tt0p85v25c_2345/element.ddc
/filespace/j/jsporter3/synopsys_cache_P-2019.03/DW01/DW01_inc/rpl/16/saed32rvt_tt0p85v25c_2345/element.ddc
/filespace/j/jsporter3/synopsys_cache_P-2019.03/DW01/DW01_cmp2/rpl/12/saed32rvt_tt0p85v25c_2345/element.ddc
/filespace/j/jsporter3/synopsys_cache_P-2019.03/DW01/DW01_sub/rpl/12/saed32rvt_tt0p85v25c_2345/element.ddc
/filespace/j/jsporter3/synopsys_cache_P-2019.03/DW01/DW01_cmp2/rpl/13/saed32rvt_tt0p85v25c_2345/element.ddc
/filespace/j/jsporter3/synopsys_cache_P-2019.03/DW01/DW01_sub/rpl/16/saed32rvt_tt0p85v25c_2345/element.ddc
/filespace/j/jsporter3/synopsys_cache_P-2019.03/DW01/DW01_inc/rpl/6/saed32rvt_tt0p85v25c_2345/element.ddc
/filespace/j/jsporter3/synopsys_cache_P-2019.03/DW01/DW01_cmp2/rpl/11/saed32rvt_tt0p85v25c_2345/element.ddc
/filespace/j/jsporter3/synopsys_cache_P-2019.03/DW01/DW01_inc/rpl/11/saed32rvt_tt0p85v25c_2345/element.ddc
/filespace/j/jsporter3/synopsys_cache_P-2019.03/DW01/DW01_inc/rpl/5/saed32rvt_tt0p85v25c_2345/element.ddc
/filespace/j/jsporter3/synopsys_cache_P-2019.03/DW01/DW01_add/rpl/11/saed32rvt_tt0p85v25c_2345/element.ddc
/filespace/j/jsporter3/synopsys_cache_P-2019.03/DW01/DW01_add/rpl/18/saed32rvt_tt0p85v25c_2345/element.ddc
/filespace/j/jsporter3/synopsys_cache_P-2019.03/DW01/DW01_sub/rpl/13/saed32rvt_tt0p85v25c_2345/element.ddc
/filespace/j/jsporter3/synopsys_cache_P-2019.03/DW01/DW01_inc/rpl/20/saed32rvt_tt0p85v25c_2345/element.ddc
/filespace/j/jsporter3/synopsys_cache_P-2019.03/DW01/DW01_inc/rpl/22/saed32rvt_tt0p85v25c_2345/element.ddc
/filespace/j/jsporter3/synopsys_cache_P-2019.03/DW01/DW01_inc/rpl/25/saed32rvt_tt0p85v25c_2345/element.ddc
/filespace/j/jsporter3/synopsys_cache_P-2019.03/DW01/DW01_dec/rpl/9/saed32rvt_tt0p85v25c_2345/element.ddc
/filespace/j/jsporter3/synopsys_cache_P-2019.03/DW01/DW01_add/rpl/6/saed32rvt_tt0p85v25c_2345/element.ddc
/filespace/j/jsporter3/synopsys_cache_P-2019.03/DW01/DW01_inc/rpl/14/saed32rvt_tt0p85v25c_2345/element.ddc
/filespace/j/jsporter3/synopsys_cache_P-2019.03/DW02/DW02_mult/csa/27/2/saed32rvt_tt0p85v25c_2345_6937_313/element.ddc
/filespace/j/jsporter3/synopsys_cache_P-2019.03/DW02/DW02_mult/csa/6/9/saed32rvt_tt0p85v25c_2345_6937_313/element.ddc
/filespace/j/jsporter3/synopsys_cache_P-2019.03/DW02/DW02_mult/csa/12/15/saed32rvt_tt0p85v25c_2345_6937_313/element.ddc
/filespace/j/jsporter3/synopsys_cache_P-2019.03/DW02/DW02_mult/csa/15/12/saed32rvt_tt0p85v25c_2345_6937_313/element.ddc
/filespace/j/jsporter3/synopsys_cache_P-2019.03/DW02/DW02_mult/csa/16/10/saed32rvt_tt0p85v25c_2345_6937_313/element.ddc
/filespace/j/jsporter3/synopsys_cache_P-2019.03/DW02/DW02_mult/csa/10/16/saed32rvt_tt0p85v25c_2345_6937_313/element.ddc
/filespace/j/jsporter3/synopsys_cache_P-2019.03/DW01/DW01_sub/rpl/16/saed32rvt_tt0p85v25c_2345_6937_313/element.ddc
/filespace/j/jsporter3/synopsys_cache_P-2019.03/DW01/DW01_sub/cla/16/saed32rvt_tt0p85v25c_2345_6937_313/element.ddc
/filespace/j/jsporter3/synopsys_cache_P-2019.03/DW01/DW01_add/rpl/14/saed32rvt_tt0p85v25c_2345_6937_313/element.ddc
/filespace/j/jsporter3/synopsys_cache_P-2019.03/DW01/DW01_add/cla/14/saed32rvt_tt0p85v25c_2345_6937_313/element.ddc
/filespace/j/jsporter3/synopsys_cache_P-2019.03/DW01/DW01_sub/rpl/22/saed32rvt_tt0p85v25c_2345_6937_313/element.ddc
/filespace/j/jsporter3/synopsys_cache_P-2019.03/DW01/DW01_sub/cla/22/saed32rvt_tt0p85v25c_2345_6937_313/element.ddc
/filespace/j/jsporter3/synopsys_cache_P-2019.03/DW01/DW01_add/rpl/17/saed32rvt_tt0p85v25c_2345_6937_313/element.ddc
/filespace/j/jsporter3/synopsys_cache_P-2019.03/DW01/DW01_add/cla/17/saed32rvt_tt0p85v25c_2345_6937_313/element.ddc
/filespace/j/jsporter3/synopsys_cache_P-2019.03/DW01/DW01_add/rpl/24/saed32rvt_tt0p85v25c_2345_6937_313/element.ddc
/filespace/j/jsporter3/synopsys_cache_P-2019.03/DW01/DW01_add/cla/24/saed32rvt_tt0p85v25c_2345_6937_313/element.ddc
/filespace/j/jsporter3/synopsys_cache_P-2019.03/DW02/DW02_mult/csa/27/2/saed32rvt_tt0p85v25c_2345/element.ddc
/filespace/j/jsporter3/synopsys_cache_P-2019.03/DW01/DW01_add/cla/27/saed32rvt_tt0p85v25c_2345/element.ddc
/filespace/j/jsporter3/synopsys_cache_P-2019.03/DW02/DW02_mult/csa/6/9/saed32rvt_tt0p85v25c_2345/element.ddc
/filespace/j/jsporter3/synopsys_cache_P-2019.03/DW01/DW01_add/cla/13/saed32rvt_tt0p85v25c_2345/element.ddc
/filespace/j/jsporter3/synopsys_cache_P-2019.03/DW02/DW02_mult/csa/12/15/saed32rvt_tt0p85v25c_2345/element.ddc
/filespace/j/jsporter3/synopsys_cache_P-2019.03/DW01/DW01_add/cla/25/saed32rvt_tt0p85v25c_2345/element.ddc
/filespace/j/jsporter3/synopsys_cache_P-2019.03/DW02/DW02_mult/csa/16/10/saed32rvt_tt0p85v25c_2345/element.ddc
/filespace/j/jsporter3/synopsys_cache_P-2019.03/DW01/DW01_add/cla/24/saed32rvt_tt0p85v25c_2345/element.ddc
/filespace/j/jsporter3/synopsys_cache_P-2019.03/DW01/DW01_add/rpl/14/saed32rvt_tt0p85v25c_2345/element.ddc
/filespace/j/jsporter3/synopsys_cache_P-2019.03/DW01/DW01_add/rpl/17/saed32rvt_tt0p85v25c_2345/element.ddc
/filespace/j/jsporter3/synopsys_cache_P-2019.03/DW01/DW01_sub/rpl/22/saed32rvt_tt0p85v25c_2345/element.ddc
/filespace/j/jsporter3/synopsys_cache_P-2019.03/DW01/DW01_add/rpl/24/saed32rvt_tt0p85v25c_2345/element.ddc
