 
****************************************
Report : timing
        -path full
        -delay min
        -max_paths 1
Design : eBike
Version: P-2019.03
Date   : Tue Dec 10 18:47:16 2019
****************************************

Operating Conditions: tt0p85v25c   Library: saed32rvt_tt0p85v25c
Wire Load Model Mode: enclosed

  Startpoint: PID/drv_mag_ff1_reg[2]
              (rising edge-triggered flip-flop clocked by clk)
  Endpoint: PID/drv_mag_reg[2]
            (rising edge-triggered flip-flop clocked by clk)
  Path Group: clk
  Path Type: min

  Des/Clust/Port     Wire Load Model       Library
  ------------------------------------------------
  eBike              16000                 saed32rvt_tt0p85v25c

  Point                                                   Incr       Path
  --------------------------------------------------------------------------
  clock clk (rise edge)                                   0.00       0.00
  clock network delay (ideal)                             0.00       0.00
  PID/drv_mag_ff1_reg[2]/CLK (DFFX1_RVT)                  0.00       0.00 r
  PID/drv_mag_ff1_reg[2]/Q (DFFX1_RVT)                    0.12       0.12 r
  PID/drv_mag_reg[2]/D (DFFX1_RVT)                        0.01       0.13 r
  data arrival time                                                  0.13

  clock clk (rise edge)                                   0.00       0.00
  clock network delay (ideal)                             0.00       0.00
  clock uncertainty                                       0.15       0.15
  PID/drv_mag_reg[2]/CLK (DFFX1_RVT)                      0.00       0.15 r
  library hold time                                      -0.02       0.13
  data required time                                                 0.13
  --------------------------------------------------------------------------
  data required time                                                 0.13
  data arrival time                                                 -0.13
  --------------------------------------------------------------------------
  slack (MET)                                                        0.01


1
